[    00000]niialinggrousuyscpuse
[   .000 Iitialiin cgou subs c
[   0.00] Iniazing cgupsubss puct
[   00000]in vrsi 4.047-genic(buid@y01-) ccversion 4.0 21660(Uunu 4.-6ubnt~1.04. )68-UntSM W O 2 19:352TC 2016 (Ubntu 4.4.0-7.8-eneric 44.)
[  00000 Cma line:OOIMAG=/otvmlinu-4.0-4-ger root=LABEL=cloudimg-rootfs ro console=tty1 console=ttyS0
[    0.000000] KERNEL supported cpus:
[    0.000000]   Intel GenuineIntel
[    0.000000]   AMD AuthenticAMD
[    0.000000]   Centaur CentaurHauls
[    0.000000] x86/fpu: xstate_offset[2]:  576, xstate_sizes[2]:  256
[    0.000000] x86/fpu: Supporting XSAVE feature 0x01: 'x87 floating point registers'
[    0.000000] x86/fpu: Supporting XSAVE feature 0x02: 'SSE registers'
[    0.000000] x86/fpu: Supporting XSAVE feature 0x04: 'AVX registers'
[    0.000000] x86/fpu: Enabled xstate features 0x7, context size is 832 bytes, using 'standard' format.
[    0.000000] x86/fpu: Using 'lazy' FPU context switches.
[    0.000000] e820: BIOS-provided physical RAM map:
[    0.000000] BIOS-e820: [mem 0x0000000000000000-0x000000000009fbff] usable
[    0.000000] BIOS-e820: [mem 0x000000000009fc00-0x000000000009ffff] reserved
[    0.000000] BIOS-e820: [mem 0x00000000000f0000-0x00000000ff] reserv
[    0.0000]BIOS82 [em 0000000000-x0000003efff] sae
[    .000] BIS-20 [emx0000000fff000x00000003fffff AI ta
[  00000 BS-e820: [m 0x00000fc00-00000000fffff] rerd
[   00000] N (ecutDibl) roctn: aiv
[   0.0000SMBIOS2.prent.
  0.000]ypervioretecte: KVM
[  000000]82 last_fn 03fffmaarchfn 0400000
[   .000] MTR: Dabed
[   0000] x8PA MTR dabed, skippg PA iniiazaion o.
[   0.000]x86/T:onfiurio[0-7 W WT C-C  WB  W  C-UC  
[   0.000] CPU MTR allblk  vtuizd syte
    0000] fod P P-blat[mem 0x0009fff0x09ff] pp at [ff800009ff0
[   0.0000Scnning aas fr w mory cruion[  0.00000 RDISK: mem 0x3fe40000x77e9ff
   0.000 API Elytable chksum verifatn isabled[  0.0000]CPI:RS 00000000E000 002(v02BO )
  0.0000AC: XSD 0000000FF03 003(v1 VBO  OXXSDT00001 SL  0061)
[   .0000] AI:ACP 0000003FFF000 00F4(v VOX  BOACP 0000ASL 00061)[  0.000] CPI:DS 0000003F070 021 (01 VX VBOXOS000002NT201028
[    0.000000] ACPI: FACS 0x000000003FFF0200 000040
[    0.000000] ACPI: FACS 00000003FF00000040
   0.00000] ACPI: APIC 0x000000003FFF0240 00005C (v02 VBOX   VBOXAPIC 00000001 ASL  00000061)
[    0.000000] ACPI: SSDT0x000003FFF02A0 01C (v01BO   VXCT 0000 ITL0152)
[   0000]  NA coigatiofod
[  00000] ki a no a[memx000000000-0x000003feffff
[   .000] DE_DA( aloated [mem 0x3ffeb000-0x3fefff]
[   .0000]vmlok:Usg rs 4b564d ad 4b5d0
[   0.00] kvclk:cp0,sr0:3f70, prma c clo
   0.000] vm-oc using scd ffsetf 192350yces
  0.0000] locksorce:vmclck: mask: 0ffffffffffffff ax_cle 0x1d44db, m_ie_s: 88105483 ns[   0000 Zone ans:
[   0.00]   DM   [me0x000000010-0x00000ffff]
[    0000]   DMA32   em 0000000100000-0000000feff
[   000000   Normal   empty
[    0.000000]   Device   empty
[    0.000000] Movable zone star fr ach noe    0.000]Earlyemy noe ngs
[   00000] ne   0:me0x0000000100x0000000ff]
[   00000]  od  0: [m 00000010000-0x000003feff]
[  .0000] Iitm et nde 0 mem 0x0000000000x000003efff]   0.000] CPI: PM-imerIOort:0x4008
[   .000000] IOAPIC[0]: apic_i 2, verio17 addres fe000, I -23  0.0000] CP: INTSROV (bus  b_iq 0 ob_irq d dl)
  0.0000] PIINT_C_R (bs 0 bs_irq 9 global_ir 9 igh level)[  0.000 Usi AI MADT)foSMconfurti inforatn
[   00000smoo: Alwi 2 CUs0 tpluCP
[    0.000] P Risered navmemo: em0x00000x000f]
[  000000] PM: Regstered nosae memory: [em x09f000-00ffff
[   000000PMRegier nsaveemy: [m 00a0000x0eff][  00000] M:Regitered navmemo: em0x000f0000x00ff]
[    0.0000]82 [em 0x40000000xffbff]availleor PCIdece
[  00000 Btig parairalzed keelonKV
[   .00000 cocsoce refnejiffie: sk0xffff mx_cl: xfffff maxdlns 76451001156ns
[  00000] supercpu: _CS:25nr_pumak_bits:256 nr_cpu_ids:2 nr_node_ids:1
[    0.000000] PERCPU: Embedded 33 pages/cpu @ffff88003fc00000 s98008 r8192 d28968 u1048576
[    0.000000] PV qspinckash table eris: 26 rdr: 040 btes)[  0.000] uilt1 neistsinodorde milty groinon. ot pges: 291
[    0.000000] Pliy ne: D32
[    0000] rn commad ne BOO_IGE/boot/mluz4.4.0-4-genri rot=LAL=oudimgoos ro cso=ttycool=tty
   00000 PID hh ble trs:4096orr: 3328 byte
   0000]Memoy:00416K0420 aaibl (8423Kernel code, 1285K rwdata, 3952K rodata, 1480K init, 1292K bss, 43704K reserved, 0K cma-reserved)
[    0.000000] SLUB: HWalign=64, Order=0-3, MinObjects=0, CPUs=2, Nodes=1
[    0.000000] Hierarchical RCU implementation.
[    0.000000] 	Build-time adjutmenofeaf no t 64.
[  0.000000] 	RCU rstriin CUs fm _CPU25to ncpid=2.
[    0.0000] U:Adjuti gmetry r u_fautea=64,r_u_id2    0.000] R_IRS:64 n_is:0 16[  0.000 Cnsol cour A+0x5
[   00000cosol [tty1enled[  000000]consle [ttyS ebld
[    0.000000] tsc: Detected 2494.226 MHz processor
[   20.275381] Calibrating delay loop (skipped) preset value.. 4988.45 BogoMIPS (lpj=9976904)
[   20.482887] pid_max: default: 32768 minimum: 301
[   20.588015] ACPI: Core revision 20150930
[   20.684241] ACPI: 2 ACPI AML tables successfully acquired and loaded
[   20.822853] Security Framework initialized
[   20.920925] Yama: becoming mindful.
[   20.979559] AppArmor: AppArmor initialized
[   21.023244] Dentry cache hash table entries: 131072 (order: 8, 1048576 bytes)
[   21.200009] Inode-cache hash table entries: 65536 (order: 7, 524288 bytes)
[   21.351056] Mount-cache hash table entries: 2048 (order: 2, 16384 bytes)
[   21.502565] Mountpoint-cache hash table entries: 2048 (order: 2, 16384 bytes)
[   21.685737] Initializing cgroup subsys io
[   21.773604] Initializing cgroup subsys memory
[   21.887639] Initializing cgroup subsys devices
[   21.964344] Initializing cgroup subsys freezer
[   22.067133] Initializing cgroup subsys net_cls
[   22.137573] Initializing cgroup subsys perf_event
[   22.251369] Initializing cgroup subsys net_prio
[   22.367867] Initializing cgroup subsys hugetlb
[   22.468258] Initializing cgroup subsys pids
[   22.565024] CPU: Physical Processor ID: 0
[   22.660999] CPU: Processor Core ID: 0
[   22.752608] mce: CPU supports 0 MCE banks
[   22.853625] Last level iTLB entries: 4KB 1024, 2MB 1024, 4MB 1024
[   22.981639] Last level dTLB entries: 4KB 1024, 2MB 1024, 4MB 1024, 1GB 4
[   23.130587] Freeing SMP alternatives memory: 32K (ffffffff820b5000 - ffffffff820bd000)
[   23.244198] ftrace: allocating 32047 entries in 126 pages
[   23.420869] smpboot: Max logical packages: 1
[   23.512830] smpboot: APIC(0) Converting physical 0 to logical package 0
[   23.652924] ..TIMER: vector=0x30 apic1=0 pin1=2 apic2=-1 pin2=-1
[   23.907468] smpboot: CPU0: Intel(R) Core(TM) i7-4870HQ CPU @ 2.50GHz (family: 0x6, model: 0x46, stepping: 0x1)
[   24.100545] Performance Events: unsupported p6 CPU model 70 no PMU driver, software events only.
[   24.258132] KVM setup paravirtual spinlock
[   24.267154] x86: Booting SMP configuration:
[   24.267880] .... node  #0, CPUs:      #1
[   24.268675] kvm-clock: cpu 1, msr 0:3ffe7041, secondary cpu clock
[   24.270171] mce: CPU supports 0 MCE banks
[   24.272606] x86: Booted up 1 node, 2 CPUs
[   24.324733] smpboot: Total of 2 processors activated (9976.90 BogoMIPS)
[   24.486743] devtmpfs: initialized
[   24.561410] evm: security.selinux
[   24.630055] evm: security.SMACK64
[   24.690413] evm: security.SMACK64EXEC
[   24.780603] evm: security.SMACK64TRANSMUTE
[   24.873067] evm: security.SMACK64MMAP
[   24.953653] evm: security.ima
[   25.017184] evm: security.capability
[   25.102937] clocksource: jiffies: mask: 0xffffffff max_cycles: 0xffffffff, max_idle_ns: 7645041785100000 ns
[   25.312683] pinctrl core: initialized pinctrl subsystem
[   25.383712] RTC time:  7:20:03, date: 11/27/16
[   25.485881] NET: Registered protocol family 16
[   25.576053] cpuidle: using governor ladder
[   25.682552] cpuidle: using governor menu
[   25.790435] PCCT header not found.
[   25.857454] ACPI: bus type PCI registered
[   25.969492] acpiphp: ACPI Hot Plug PCI Controller Driver version: 0.5
[   26.132618] PCI: Using configuration type 1 for base access
[   26.269444] ACPI: Added _OSI(Module Device)
[   26.376304] ACPI: Added _OSI(Processor Device)
[   26.416183] ACPI: Added _OSI(3.0 _SCP Extensions)
[   26.454373] ACPI: Added _OSI(Processor Aggregator Device)
[   26.577528] ACPI: Executed 1 blocks of module-level executable AML code
[   26.724364] ACPI: Interpreter enabled
[   26.752745] ACPI: (supports S0 S5)
[   26.770625] ACPI: Using IOAPIC for interrupt routing
[   26.860550] PCI: Using host bridge windows from ACPI; if necessary, use "pci=nocrs" and report a bug
[   27.044391] ACPI: PCI Root Bridge [PCI0] (domain 0000 [bus 00-ff])
[   27.201331] acpi PNP0A03:00: _OSC: OS supports [ASPM ClockPM Segments MSI]
[   27.382583] acpi PNP0A03:00: _OSC failed (AE_NOT_FOUND); disabling ASPM
[   27.502837] acpi PNP0A03:00: fail to add MMCONFIG information, can't access extended PCI configuration space under this bridge.
[   27.685063] PCI host bridge to bus 0000:00
[   27.775407] pci_bus 0000:00: root bus resource [io  0x0000-0x0cf7 window]
[   27.850502] pci_bus 0000:00: root bus resource [io  0x0d00-0xffff window]
[   27.897948] pci_bus 0000:00: root bus resource [mem 0x000a0000-0x000bffff window]
[   28.092622] pci_bus 0000:00: root bus resource [mem 0x40000000-0xffdfffff window]
[   28.213250] pci_bus 0000:00: root bus resource [bus 00-ff]
[   28.360485] pci 0000:00:01.1: legacy IDE quirk: reg 0x10: [io  0x01f0-0x01f7]
[   28.437095] pci 0000:00:01.1: legacy IDE quirk: reg 0x14: [io  0x03f6]
[   28.438142] pci 0000:00:01.1: legacy IDE quirk: reg 0x18: [io  0x0170-0x0177]
[   28.492871] pci 0000:00:01.1: legacy IDE quirk: reg 0x1c: [io  0x0376]
[   28.620697] ACPI: PCI Interrupt Link [LNKA] (IRQs 5 9 10 11) *0, disabled.
[   28.790551] ACPI: PCI Interrupt Link [LNKB] (IRQs 5 9 10 *11)
[   28.912929] ACPI: PCI Interrupt Link [LNKC] (IRQs 5 9 *10 11)
[   29.042003] ACPI: PCI Interrupt Link [LNKD] (IRQs 5 *9 10 11)
[   29.175602] ACPI: Enabled 2 GPEs in block 00 to 07
[   29.277205] vgaarb: setting as boot device: PCI:0000:00:02.0
[   29.426616] vgaarb: device added: PCI:0000:00:02.0,decodes=io+mem,owns=io+mem,locks=none
[   29.640392] vgaarb: loaded
[   29.674214] vgaarb: bridge control possible 0000:00:02.0
[   29.698917] SCSI subsystem initialized
[   29.699752] ACPI: bus type USB registered
[   29.700657] usbcore: registered new interface driver usbfs
[   29.754082] usbcore: registered new interface driver hub
[   29.880724] usbcore: registered new device driver usb
[   30.008349] PCI: Using ACPI for IRQ routing
[   30.115323] NetLabel: Initializing
[   30.210964] NetLabel:  domain hash size = 128
[   30.317144] NetLabel:  protocols = UNLABELED CIPSOv4
[   30.443602] NetLabel:  unlabeled traffic allowed by default
[   30.584181] amd_nb: Cannot enumerate AMD northbridges
[   30.701519] clocksource: Switched to clocksource kvm-clock
[   30.999]pprm: pAmor FiesteEnle
[ 31684]npPnAC it  1.83] pn: nPCP fnd3 devices
[   32.064408] clocksource: acpi_pm: mask: 0xffffff max_cycles: 0xffffff, max_idle_ns: 2085701024 ns
[   32.439827] NET: Registered protocol family 2
[   32.533076] TCP established hash table entries: 8192 (order: 4, 65536 bytes)
[   32.914514] TCP bind hash table entries: 8192 (order: 5, 131072 bytes)
[   32.939143] TCP: Hash tables configured (established 8192 bind 8192)
[   33.109443] UDP hash table entries: 512 (order: 2, 16384 bytes)
[   33.333642] UDP-Lite hash table entries: 512 (order: 2, 16384 bytes)
[   33.546664] NET: Registered protocol family 1
[   33.743369] pci 0000:00:00.0: Limiting direct PCI/PCI transfers
[   33.997990] pci 0000:00:01.0: Activating ISA DMA hang workarounds
[   34.030545] Trying to unpack rootfs image as initramfs...
[   35.124355] Freeing initrd memory: 8216K (ffff880036fe4000 - ffff8800377ea000)

[   35.422807] platform rtc_cmos: registered platform RTC device (no PNP device found)
[   35.513777] Scanning for low memory corruption every 60 seconds
[   35.617758] futex hash table entries: 51  (order: 3, 32768 bytes)
[   35.953530] audit: initializing netlink subsys (disabled)
[   36.081939] audit: type=2000 audit(1480231187.874:1): initialized
[   36.186208] Initialise system trusted keyring
[   36.207315] HugeTLB registered 2 MB page size, pre-allocated 0 pages
[   36.212231] zbud: loaded
[   36.303446] VFS: Disk quotas dquot_6.6.0
[   6.68598] FSDqt-chha tlentes51(oer, 96yts)
[  34260ts Refined TSC clocksorc cibtion: 2491.267 MHz
[   36.422362] clocksource: tsc: mask: 0xffffffffffffffff max_cycles: 0x23e8ffff318, max_idle_ns: 440795229953 ns
[   37.642858] squashfs: version 4.0 (2009/01/31) Phillip Lougher
[   37.784043] fuse init (API version 7.23)
[   37.853938] Key type big_key registered
[   37.947080] Allocating IMA MOK and blacklist keyrings.
[   38.113820] Key type asymmetric registered
[   38.235377] Asymmetric key parser 'x509' registered
[   38.353344] Block layer SCSI generic (bsg) driver version 0.4 loaded (major 249)
[   38.382414] io scheduler noop registered
[   38.396465] io scheduler deadline registered (default)
[   38.403501] io scheduler cfq registered
[   38.404262] pci_hotplug: PCI Hot Plug PCI Core version: 0.5
[   38.405122] pciehp: PCI Express Hot Plug Controller Driver version: 0.4
[   38.406443] ACPI: AC Adapter [AC] (off-line)
[   38.407199] input: Power Button as /devices/LNXSYSTM:00/LNXPWRBN:00/input/input0
[   38.544004] ACPI: Power Button [PWRF]
[   38.640472] input: Sleep Button as /devices/LNXSYSTM:00/LNXSLPBN:00/input/input1
[   38.819178] ACPI: Sleep Button[[SLPF]
[   38.969399] GHES: HEST is not enabled!
[   38.970344] ACPI: Battery Slot [BAT0] (battery present)
[   39.223335] Serial: 8250/16550 driver, 32 ports, IRQ sharing enabled
ÿ[   39.401772] 00:02: ttyS0 at I/O 0x3f8 (irq = 4, base_baud = 115200) is a 16550A
[   39.464695] Linux agpgart interface v0.103
[   39.481397] brd: module loaded
[   39.494998] loop: module loaded
[   39.654641] scsi host0: ata_piix
[   39.739428] scsi host1: ata_piix
[   39.799403] ata1: PATA max UDMA/33 cmd 0x1f0 ctl 0x3f6 bmdma 0xd000 irq 14
[   39.992789] ata2: PATA max UDMA/33 cmd 0x170 ctl 0x376 bmdma 0xd008 irq 15
[   40.173134] libphy: Fixed MDIO Bus: probed
[   40.294806] tun: Universal TUN/TAP device driver, 1.6
[   40.456978] tun: (C) 1999-2004 Max Krasnyansky <maxk@qualcomm.com>
[   40.548504] PPP generic driver version 2.4.2
[   40.568442] ehci_hcd: USB 2.0 'Enhanced' Host Controller (EHCI) Driver
[   40.611229] ehci-pci: EHCI PCI platform driver
[   40.642060] ehci-platform: EHCI generic platform driver
[   40.642935] ohci_hcd: USB 1.1 'Open' Host Controller (OHCI) Driver
[   40.652752] ohci-pci: OHCI PCI platform driver
[   40.656148] ohci-platform: OHCI generic platform driver
[   40.657407] uhci_hcd: USB Universal Host Controller Interface driver
[   40.658965] i8042: PNP: PS/2 Controller [PNP0303:PS2K,PNP0f03:PS2M] at 0x60,0x64 irq 1,12
[   40.661680] serio: i8042 KBD port at 0x60,0x64 irq 1
[   40.662875] serio: i8042 AUX port at 0x60,0x64 irq 12
[   40.664234] mousedev: PS/2 mouse device common for all mice
[   40.666168] input: AT Translated Set 2 keyboard as /devices/platform/i8042/serio0/input/input2
[   40.668205] rtc_cmos rtc_cmos: rtc core: registered rtc_cmos as rtc0
[   40.669799] rtc_cmos rtc_cmos: alarms up to one day, 114 bytes nvram
[   40.812833] i2c /dev entries driver
[   40.987652] device-mapper: uevent: version 1.0.3
[   41.082741] device-mapper: ioctl: 4.34.0-ioctl (2015-10-28) initialised: dm-devel@redhat.com
[   41.312244] ledtrig-cpu: registered to indicate activity on CPUs
[   41.463401] NET: Registeredpprotocol family 10
[   41.632778] NET: Registered protocol family 17
[   41.650360] Key type dns_resolver registered
[   41.665318] microcode: CPU0 sig=0x40661, pf=0x40, revision=0x0
[   41.682934] microcode: CPU1 sig=0x40661, pf=0x40, revision=0x0
[   41.845234] microcode: Microcode Update Driver: v2.01 <tigran@aivazian.fsnet.co.uk>, Peter Oruba
[   42.119652] registered taskstats version 1
[   42.208020] Loading compiled-in X.509 certificates
[   42.356837] Loaded X.509 cert 'Build time autogenerated kernel key: f7bc719d96df7c6d6eed8f4b9fd5d4ff001383c8'
[   42.676064] zswap: loaded using pool lzo/zbud
[   42.730871] Key type trusted registered
[   42.746773] Key type encrypted registered
[   42.766139] AppArmor: AppArmor sha1 policy hashing enabled
[   42.847058] ima: No TPM chip found, activating TPM-bypass!
[   42.939774] evm: HMAC attrs: 0x1
[   42.958428]   Magic number: 8:73:320
[   42.973360] misc microcode: hash matches
[   42.988993] platform microcode: hash matches
[   43.033786] tty tty45: hash matches
[   43.049039] rtc_cmos rtc_cmos: setting system clock to 2016-11-27 07:20:20 UTC (1480231220)
[   43.169333] BIOS EDD facility v0.16 2004-Jun-25, 0 devices found
[   43.260538] EDD information not available.
[   43.324762] Freeing unused kernel memory: 1480K (ffffffff81f43000 - ffffffff820b5000)
[   43.471976] Write protecting the kernel read-only data: 14336k
[   43.611387] Freeing unused kernel memory: 1804K (ffff88000183d000 - ffff880001a00000)
[   43.755097] Freeing unused kernel memory: 144K (ffff880001ddc000 - ffff880001e00000)
Loading, please wait...
[   43.826067] random: systemd-udevd: uninitialized urandom read (16 bytes read, 4 bits of entropy available)
starting version[   43.847822] random: udevadm: uninitialized urandom read (16 bytes read, 4 bits of entropy available)
 229
[   43.847911] random: udevadm: uninitialized urandom read (16 bytes read, 4 bits of entropy available)
[   43.848049] random: udevadm: uninitialized urandom read (16 bytes read, 4 bits of entropy available)
[   43.848092] random: udevadm: uninitialized urandom read (16 bytes read, 4 bits of entropy available)
[   43.848128] random: udevadm: uninitialized urandom read (16 bytes read, 4 bits of entropy available)
[   43.848161] random: udevadm: uninitialized urandom read (16 bytes read, 4 bits of entropy available)
[   43.848194] random: udevadm: uninitialized urandom read (16 bytes read, 4 bits of entropy available)
[   43.848306] random: udevadm: uninitialized urandom read (16 bytes read, 4 bits of entropy available)
[   43.848383] random: udevadm: uninitialized urandom read (16 bytes read, 4 bits of entropy available)
[   45.208638] e1000: Intel(R) PRO/1000 Network Driver - version 7.3.21-k8-NAPI
[   45.314046] e1000: Copyright (c) 1999-2006 Intel Corporation.
[   45.401863] Fusion MPT base driver 3.04.20
[   45.517523] Copyright (c) 1999-2008 LSI Corporation
[   45.618653] AVX version of gcm_enc/dec engaged.
[   45.732748] AES CTR mode by8 optimization enabled
[   45.835817] Fusion MPT SPI Host driver 3.04.20
[   45.907386] input: ImExPS/2 Generic Explorer Mouse as /devices/platform/i8042/serio1/input/input4
[   46.199603] e1000 0000:00:03.0 eth0: (PCI:33MHz:32-bit) 02:df:f3:ff:cd:9e
[   46.354036] e1000 0000:00:03.0 eth0: Intel(R) PRO/1000 Network Connection
[   46.528688] mptbase: ioc0: Initiating bringup
[   46.710680] ioc0: LSI53C1030 A0: Capabilities={Initiator}
[   46.957274] scsi host2: ioc0: LSI53C1030 A0, FwRev=00000000h, Ports=1, MaxQ=256, IRQ=20
[   47.206302] scsi 2:0:0:0: Direct-Access     VBOX     HARDDISK         1.0  PQ: 0 ANSI: 5
[   47.303191] scsi target2:0:0: Beginning Domain Validation
[   47.398189] scsi target2:0:0: Domain Validation skipping write tests
[   47.425168] scsi target2:0:0: Ending Domain Validation
[   47.504805] scsi target2:0:0: asynchronous
[   47.569674] e1000 0000:00:08.0 eth1: (PCI:33MHz:32-bit) 08:00:27:8a:2f:00
[   47.569679] e1000 0000:00:08.0 eth1: Intel(R) PRO/1000 Network Connection
[   47.866943] e1000 0000:00:03.0 enp0s3: renamed from eth0
[   47.874213] scsi 2:0:1:0: Direct-Access     VBOX     HARDDISK         1.0  PQ: 0 ANSI: 5
[   47.874218] scsi target2:0:1: Beginning Domain Validation
[   47.875568] scsi target2:0:1: Domain Validation skipping write tests
[   47.875569] scsi target2:0:1: Ending Domain Validation
[   47.875602] scsi target2:0:1: asynchronous
[   48.485647] e1000 0000:00:08.0 enp0s8: renamed from eth1
[   48.586152] sd 2:0:0:0: [sda] 20971520 512-byte logical blocks: (10.7 GB/10.0 GiB)
[   48.597612] sd 2:0:0:0: Attached scsi generic sg0 type 0
[   48.597784] sd 2:0:1:0: Attached scsi generic sg1 type 0
[   48.738082] floppy0: no floppy controllers found
[   48.738115] work still pending
[   49.091281] sd 2:0:1:0: [sdb] 20480 512-byte logical blocks: (10.5 MB/10.0 MiB)
[   49.284493] sd 2:0:1:0: [sdb] Write Protect is off
[   49.296930] sd 2:0:0:0: [sda] Write Protect is off
[   49.314936] sd 2:0:1:0: [sdb] Incomplete mode parameter data
[   49.328635] sd 2:0:1:0: [sdb] Assuming drive cache: write through
[   49.329830] sd 2:0:0:0: [sda] Incomplete mode parameter data
[   49.329832] sd 2:0:0:0: [sda] Assuming drive cache: write through
[   49.530796]  sda: sda1
[   49.531514] sd 2:0:0:0: [sda] Attached SCSI disk
[   50.016862] sd 2:0:1:0: [sdb] Attached SCSI disk
Begin: Loading e[   51.451078] md: linear personality registered for level -1
ssential drivers[   51.524424] md: multipath personality registered for level -4
 ... [   51.650889] md: raid0 personality registered for level 0
[   51.694796] md: raid1 personality registered for level 1
[   51.830652] raid6: sse2x1   gen() 10356 MB/s
[   52.010563] raid6: sse2x1   xor()  7803 MB/s
[   52.189923] raid6: sse2x2   gen() 11865 MB/s
[   52.338237] raid6: sse2x2   xor()  8502 MB/s
[   52.546155] raid6: sse2x4   gen() 15776 MB/s
[   52.638045] raid6: sse2x4   xor()  9798 MB/s
[   52.769667] raid6: using algorithm sse2x4 gen() 15776 MB/s
[   52.924933] raid6: .... xor() 9798 MB/s, rmw enabled
[   53.095642] raid6: using ssse3x2 recovery algorithm
[   53.211012] xor: automatically using best checksumming function:
[   53.401706]    avx       : 22598.000 MB/sec
[   53.514807] async_tx: api initialized (async)
[   53.610287] md: raid6 personality registered for level 6
[   53.662685] md: raid5 personality registered for level 5
[   53.680482] md: raid4 personality registered for level 4
[   53.697015] md: raid10 personality registered for level 10
done.
Begin: Running /scripts/init-premount ... done[   53.845549] Btrfs loaded
.
Begin: Mounting root file system ... Begin: Running /scripts/local-top ... done.
Begin: Running /scripts/local-premount ... Scanning for Btrfs filesystems
done.
Warning: fsck no[   53.944782] EXT4-fs (sda1): mounted filesystem with ordered data mode. Opts: (null)
t present, so skipping root file system
done.
Begin: Running /scripts/local-bottom ... done.
Begin: Running /scripts/init-bottom ... Warning: overlayroot: debug is busted
done.
[   54.196230] systemd[1]: systemd 229 running in system mode. (+PAM +AUDIT +SELINUX +IMA +APPARMOR +SMACK +SYSVINIT +UTMP +LIBCRYPTSETUP +GCRYPT +GNUTLS +ACL +XZ -LZ4 +SECCOMP +BLKID +ELFUTILS +KMOD -IDN)
[   54.691024] systemd[1]: Detected virtualization oracle.
[   54.770099] systemd[1]: Detected architecture x86-64.

Welcome to [1mUbuntu 16.04.1 LTS[0m!

[ 5426641] systemd[1]: Set hostname to <ubuntu>.
[   55.037649] systemd[1]: Initializing machine ID from random generator.
[   55.170999] systemd[1]: Installed transient /etc/machine-id file.
[   55.394167] systemd[1]: Listening on Journal Socket (/dev/log).
[[0;32m  OK  [0m] Listening on Journal Socket (/dev/log).
[ 555988 ste[1 Ceaed slicesean Sessin li.
[[0;32m  OK  [0m] Created slice User and Session Slice.
[ 562794 system[1 Ltengn everl ck.
[[0;32m  OK  [0m] Listening on udev Kernel Socket.
[  5.981] ysted[: stinonoualud Ske
[[0;32m  OK  [0m] Listening on Journal Audit Socket.
[ 57897]ysmd]:isning ondeCotrol Socket.
[[0;32m  OK  [0m] Listening on udev Control Socket.
[   58.072956] systemd[1]: Created slice System Slice.
[[0;32m  OK  [0m] Created slice System Slice.
[   58.074902] systemd[1]: Listening on Journal Socket.
[[0;32m  OK  [0m] Listening on Journal Socket.
[   58.090167] systemd[1]: Mounting POSIX Message Queue File System...
         Mounting POSIX Message Queue File System...
[   58.210904] systemd[1]: Starting Set console keymap...
         Starting Set console keymap...
[   58.270202] systemd[1]: Reached target Swap.
[[0;32m  OK  [0m] Reached target Swap.
[   54082syem[1 Rchd rg Ur d roup Nam Lku.
[[0;32m  OK  [0m] Reached target User and Group Name Lookups.
[   9.412]ysmd]:et u aomntArtry Executable File Formats File System Automount Point.

[[0;32m  OK  [0m] Set up automount Arbitrary Executab...ats File System Automount Point.
[ 592614sytemd[1: ard Forwd ssrdeqes tWa Decryat.
[[0;32m  OK  [0m] Started Forward Password Requests to Wall Directory Watch.
[ 60863]anm: nonblocking pools italized
[   61.073449] systemd[1]: Reached target Encrypted Volumes.
[[0;32m  OK  [0m] Reached target Encrypted Volumes.
[   61.226215] systemd[1]: Starting Load Kernel Modules...
         Starting Load Ke[   61.311087] Loading iSCSI transport class v2.0-870.
rnel Modules...
[   61.329203] systemd[1]: Starting Remount Root and Kernel File Systems...
         [   61.428877] EXT4-fs (sda1): re-mounted. Opts: (null)
Starting Remount[   61.590398] iscsi: registered transport (tcp)
 Root and Kernel File Systems...
[   61.692722] iscsi: registered transport (iser)
[   61.733866] systemd[1]: Mounting Debug File System...
         Mounting Debug File System...
[ 618288] systed[: stening on LVM2 metadata daemosoet.

[[0;32m  OK  [0m] Listening on LVM2 metadata daemon socket.
[   2.5874] systed[]:Listening n VM2 poll daemon socket.

[[0;32m  OK  [0m] Listening on LVM2 poll daemon socket.
[   62.546772] systemd[1]: Mounting Huge Pages File System...
         Mounting Huge Pages File System...
[   62.58343 ste[1]: Reached targt lies.
[[0;32m  OK  [0m] Reached target Slices.
[   62.894375] systemd[1]: Starting Create list of required static device nodes for the current kernel...
         Starting Create list of required st... nodes for the current kernel...
[   62.943368] systemd[1]: Starting Uncomplicated firewall...
         Starting Uncomplicated firewall...
[ 62995557]sytemd[: eaedlicsyte-serl\dgety.ice.

[[0;32m  OK  [0m] Created slice system-serial\x2dgetty.slice.
[   63.718182] systemd[1]: Starting Nameserver information manager...
         Starting Nameserver information manager...
[   63.8475 system[1 Lteningon de/itc Cpabityam Pe.
[[0;32m  OK  [0m] Listening on /dev/initctl Compatibility Named Pipe.
[ 646148syem1]Listeninonevce-mapper evet em FOs

[[0;32m  OK  [0m] Listening on Device-mapper event daemon FIFOs.
[   65.354257] systemd[1]: Starting Monitoring of LVM2 mirrors, snapshots etc. using dmeventd or progress polling...
         Starting Monitoring of LVM2 mirrors... dmeventd or progress polling...
[ 65037]syte[1 Lisenng onysg ocket.
[[0;32m  OK  [0m] Listening on Syslog Socket.
[   66.126221] systemd[1]: Starting Journal Service...
         Starting Journal Service...
[   66.259073] systemd[1]: Mounted Huge Pages File System.
[[0;32m  OK  [0m] Mounted Huge Pages File System.
[   66.4145 ste[1 Mntd Deg il Sst.
[[0;32m  OK  [0m] Mounted Debug File System.
[   66.930312] systd[: ountedOSIX MesagQue leysm.
[[0;32m  OK  [0m] Mounted POSIX Message Queue File System.
[ 67744]ysmd]:taedounal Service.
[[0;32m  OK  [0m] Started Journal Service.
[[0;32m  OK  [0m] Started Set console keymap.
[[0;32m  OK  [0m] Started Load Kernel Modules.
[[0;32m  OK  [0m] Started Remount Root and Kernel File Systems.
[[0;32m  OK  [0m] Started Create list of required sta...ce nodes for the current kernel.
[[0;32m  OK  [0m] Started Uncomplicated firewall.
[[0;32m  OK  [0m] Started Nameserver information manager.
[[0;32m  OK  [0m] Started LVM2 metadata daemon.
         Starting Create Static Device Nodes in /dev...
         Starting Load/Save Random Seed...
         Starting Initial cloud-init job (pre-networking)...
         Starting udev Coldplug all Devices...
         Mounting FUSE Control File System...
         Starting Apply Kernel Variables...
         Starting Flush Journal to Persistent Storage...
[[0;32m  OK  [0m] Mounted FUSE Control File System.
[[0;32m  OK  [0m] Started Create Static Device Nodes in /dev.
[[0;32m  OK  [0m] Started Load/Save Random Seed.
[[0;32m  OK  [0m] Started Apply Kernel Variables.
[[0;32m  OK  [0m] Started Monitoring of LVM2 mirrors,...ng dmeventd or progress polling.
[[0;32m  OK  [0m] Started udev Coldplug all Devices.
[[0;32m  OK  [0m] Started Flush Journal to Persistent Storage.
         Starting udev Kernel Device Manager...
[[0;32m  OK  [0m] Started udev Kernel Device Manager.
[[0;32m  OK  [0m] Started Dispatch Password Requests to Console Directory Watch.
[[0;32m  OK  [0m] Reached target Local File Systems (Pre).
[[0;32m  OK  [0m] Reached target Local File Systems.
         Starting Run snappy firstboot setup...
         Starting Set console font and keymap...
[   38.971664] cloud-init[470]: Cloud-init v. 0.7.8 running 'init-local' at Sun, 27 Nov 2016 07:20:46 +0000. Up 38.70 seconds.
         Starting Create Volatile Files and Directories...
         Starting Tell Plymouth To Write Out Runtime Data...
         Starting Commit a transient machine-id on disk...
         Starting LSB: AppArmor initialization...
[[0;32m  OK  [0m] Started Run snappy firstboot setup.
[[0;1;31mFAILED[0m] Failed to start Set console font and keymap.
See 'systemctl status console-setup.service' for details.
[[0;32m  OK  [0m] Started Create Volatile Files and Directories.
[[0;32m  OK  [0m] Started Tell Plymouth To Write Out Runtime Data.
[[0;32m  OK  [0m] Started Commit a transient machine-id on disk.
[[0;32m  OK  [0m] Started Initial cloud-init job (pre-networking).
[[0;32m  OK  [0m] Found device /dev/ttyS0.
[[0;32m  OK  [0m] Listening on Load/Save RF Kill Switch Status /dev/rfkill Watch.
[[0;32m  OK  [0m] Reached target System Time Synchronized.
         Starting Update UTMP about System Boot/Shutdown...
[[0;32m  OK  [0m] Created slice system-getty.slice.
[[0;32m  OK  [0m] Reached target Network (Pre).
[[0;32m  OK  [0m] Started LSB: AppArmor initialization.
[[0;32m  OK  [0m] Started Update UTMP about System Boot/Shutdown.
         Starting Raise network interfaces...
[[0;32m  OK  [0m] Started Raise network interfaces.
[[0;32m  OK  [0m] Reached target Network.
         Starting Initial cloud-init job (metadata service crawler)...
[   42.756835] cloud-init[920]: Cloud-init v. 0.7.8 running 'init' at Sun, 27 Nov 2016 07:20:49 +0000. Up 42.37 seconds.
[[0;32m  OK  [0m] Started Initial cloud-init job (metadata service crawler).
[[0;32m  OK  [0m] Reached target Network is Online.
[   42.858875] cloud-init[920]: ci-info: ++++++++++++++++++++++++++++++++++++++Net device info++++++++++++++++++++++++++++++++++++++
[   43.045499]          cloud-initStarting iSCSI initiator daemon (iscsid)...[920]: 
ci-info: +--------+-------+----------------------------+---------------+-------+-------------------+
[   43.217207] [cloud-init[0;32m  OK  [0m[920]: ] ci-info: | Device |   Up  |          Address           |      Mask     | Scope |     Hw-Address    |Reached target Cloud-config availability.

[   43.360338] [cloud-init[0;32m  OK  [0m[920]: ] ci-info: +--------+-------+----------------------------+---------------+-------+-------------------+Reached target System Initialization.

[[0;32m  OK  [0m] Started Timer to automatically refresh installed snaps.
[[0;32m  OK  [0m] Started Daily apt activities.
[   43.360876] cloud-init[920]: ci-info: | enp0s8 | False |             .              |       .       |   .   | 08:00:27:8a:2f:00 |
[   43.584329] [cloud-init[0;32m  OK  [0m[920]: ] ci-info: | enp0s3 |  True |         10.0.2.15          | 255.255.255.0 |   .   | 02:df:f3:ff:cd:9e |Started Trigger resolvconf update for networkd DNS.

[[0;32m  OK  [0m] Listening on UUID daemon activation socket.
[[0;32m  OK  [0m] Listening on D-Bus System Message Bus Socket.
[   43.584729] cloud-init[920]: ci-info: | enp0s3 |  True | fe80::df:f3ff:feff:cd9e/64 |       .       |  link | 02:df:f3:ff:cd:9e |
[   43.868300] [cloud-init[0;32m  OK  [0m[920]: ] ci-info: |   lo   |  True |         127.0.0.1          |   255.0.0.0   |   .   |         .         |Listening on ACPID Listen Socket.

[   43.929809]          cloud-initStarting Socket activation for snappy daemon.[920]: 
ci-info: |   lo   |  True |          ::1/128           |       .       |  host |         .         |
[   44.072728] [cloud-init[0;32m  OK  [0m[920]: ] ci-info: +--------+-------+----------------------------+---------------+-------+-------------------+Started ACPI Events Check.

[[0;32m  OK  [0m] Reached target Paths.
[   44.073119] cloud-init[920]: ci-info: +++++++++++++++++++++++++++Route IPv4 info++++++++++++++++++++++++++++
[   44.280304]          cloud-initStarting LXD - unix socket.[920]: 
ci-info: +-------+-------------+----------+---------------+-----------+-------+
[   44.292777] [cloud-init[0;32m  OK  [0m[920]: ] ci-info: | Route | Destination | Gateway  |    Genmask    | Interface | Flags |Started Daily Cleanup of Temporary Directories.

[[0;32m  OK  [0m] Reached target Timers.
[   44.293175] cloud-init[920]: ci-info: +-------+-------------+----------+---------------+-----------+-------+
[   44.480909] [cloud-init[0;32m  OK  [0m[920]: ] ci-info: |   0   |   0.0.0.0   | 10.0.2.2 |    0.0.0.0    |   enp0s3  |   UG  |Listening on Socket activation for snappy daemon.

[[0;32m  OK  [0m] Listening on LXD - unix socket.
[[0;32m  OK  [0m] Started iSCSI initiator daemon (iscsid).
[   44.481316] cloud-init[920]: ci-info: |   1   |   10.0.2.0  | 0.0.0.0  | 255.255.255.0 |   enp0s3  |   U   |
[   44.728812]          cloud-initStarting Login to default iSCSI targets...[920]: 
ci-info: +-------+-------------+----------+---------------+-----------+-------+
[[0;32m  OK  [0m] Reached target Sockets.
[   44.837230] [cloud-init[0;32m  OK  [0m[920]: ] Generating public/private rsa key pair.Reached target Basic System.

[   44.930433] [cloud-init[0;32m  OK  [0m[920]: ] Your identification has been saved in /etc/ssh/ssh_host_rsa_key.Started D-Bus System Message Bus.

[   44.965321] [[0;32m  OK  [0m] Started FUSE filesystem for LXC.
cloud-init[920]: [[0;32m  OK  [0m] Started Deferred execution scheduler.
Your public key has been saved in /etc/ssh/ssh_host_rsa_key.pub.
         Starting Pollinate to seed the pseudo random number generator...
[   45.030756] cloud-init[920]: The key fingerprint is:
[   45.059424] cloud-init[920]: SHA256:zzmiNeB1IfcxQDKVj+MDRhNRQmSoynkT0eNMmLG417E root@ubuntu-xenial
[   45.060920] cloud-init[920]: The key's randomart image is:
[   45.061876] cloud-init[920]: +---[RSA 2048]----+
[   45.062757] cloud-init[920]: |    .= +X*=.     |
[   45.063598] cloud-init[920]: |   .+.=.o+..     |
[   45.083183] [cloud-init[0;32m  OK  [0m[920]: ] |  . .*.o..ooo    |Started Snappy daemon.

[   45.083515] cloud-init[920]: |   .o.oooooo.o   |
[   45.169454]          cloud-initStarting Apply the settings specified in cloud-config...[920]: 
| ..o..E.So...    |
[   45.237970]          Starting LXD - container startup/shutdown...
cloud-init[920]: |  +.o. o +o.     |
[   45.239768] cloud-init[920]: |   . .. + =.     |
[   45.243119] cloud-init[920]: |       o o .     |
[   45.245367] cloud-init[920]: |      .          |
[   45.246466] cloud-init[920]: +----[SHA256]-----+
[   45.268240]          cloud-initStarting Login Service...[920]: 
Generating public/private dsa key pair.
[   45.352359]          cloud-initStarting /etc/rc.local Compatibility...[920]: 
Your identification has been saved in /etc/ssh/ssh_host_dsa_key.
[   45.444336]          cloud-initStarting LSB: Record successful boot for GRUB...[920]: 
Your public key has been saved in /etc/ssh/ssh_host_dsa_key.pub.
[   45.516381] cloud-init[920]: The key fingerprint is:
[[0;32m  OK  [0m] Started ACPI event daemon.
[   45.516825] cloud-init[920]: SHA256:XU+4FhHloUUNuS+SY2RXws/PYgpctetYNVpLdKGFP0s root@ubuntu-xenial
[   45.640288]          cloud-initStarting System Logging Service...[920]: 
The key's randomart image is:
[   45.684310] [cloud-init[0;32m  OK  [0m[920]: ] +---[DSA 1024]----+Started Regular background program processing daemon.

[   45.684805] cloud-init[920]: |            o=B*.|
         Starting Accounts Service...
[   45.743689] cloud-init[920]: |             BBo+|
         Starting LSB: MD monitoring daemon...
[[0;32m  OK  [0m] Started System Logging Service.
[[0;32m  OK  [0m] Started Pollinate to seed the pseudo random number generator.
[   45.803895] cloud-init[920]: |            =o=B.|
[   45.872958] cloud-init[920]: |         . .+=+E+|
[   45.873749] cloud-init[920]: |        S..+oo*=*|
[   45.874536] cloud-init[920]: |          o.=.*o+|
[   45.875360] cloud-init[920]: |           o O o |
[[0;32m  OK  [0m] Started LXD - container startup/shutdown.
[[0;32m  OK  [0m] Started /etc/rc.local Compatibility.
[   45.882746] cloud-init[920]: |            o .  |
[   45.988490] cloud-init[920]: |                 |
[   46.020441] cloud-init[920]: +----[SHA256]-----+
[   46.044607] cloud-init[920]: Generating public/private ecdsa key pair.
[   46.092698] cloud-init[920]: Your identification has been saved in /etc/ssh/ssh_host_ecdsa_key.
[   46.140993] cloud-init[920]: Your public key has been saved in /etc/ssh/ssh_host_ecdsa_key.pub.
[   46.200420] cloud-init[920]: The key fingerprint is:
[[0;32m  OK  [0m] Started Login to default iSCSI targets.
[   46.230929] cloud-init[920]: SHA256:VBc1DnctHHYNNocjH+KHxjcrWghrl50ZxfEetU90uSo root@ubuntu-xenial
[[0;32m  OK  [0m] Started LSB: Record successful boot for GRUB.
[   46.312407] cloud-init[920]: The key's randomart image is:
[[0;32m  OK  [0m] Started Login Service.
[   46.372315] cloud-init[920]: +---[ECDSA 256]---+
[   46.403791] [cloud-init[0;32m  OK  [0m[920]: ] |          . +=@=@|Started LSB: MD monitoring daemon.

[   46.404399] cloud-init[920]: |         . .o*OX*|
[   46.484370]          cloud-initStarting Authenticate and Authorize Users to Run Privileged Tasks...[920]: 
|        .  o *.*+|
[   46.576475] [cloud-init[0;32m  OK  [0m[920]: ] |       ..   * =+o|Reached target Remote File Systems (Pre).

[   46.576849] [cloud-init[0;32m  OK  [0m[920]: ] |        So = *.oo|Reached target Remote File Systems.

[   46.677006]          Starting LSB: VirtualBox Linux Additions...
cloud-init         Starting LSB: Set the CPU Frequency Scaling governor to "ondemand"...
[920]: |        o +E*..  |
[   46.741968] cloud-init[920]: |       . . o..   |
         Starting LSB: automatic crash report generation...
[   46.742303] cloud-init[920]: |          .      |
[   46.831242]          cloud-initStarting LSB: daemon to balance interrupts for SMP systems...[920]: 
|                 |
[   46.891833] cloud-init[920]: +----[SHA256]-----+
         Starting Permit User Sessions...
[   46.892263] cloud-init[920]: Generating public/private ed25519 key pair.
[   46.921228] cloud-init[920]: Your identification has been saved in /etc/ssh/ssh_host_ed25519_key.
[   46.980347]          cloud-initStarting OpenBSD Secure Shell server...[920]: 
Your public key has been saved in /etc/ssh/ssh_host_ed25519_key.pub.
[   47.092281] cloud-init[920]: The key fingerprint is:
[[0;32m  OK  [0m] Started OpenBSD Secure Shell server.
[   47.093052] cloud-init[920]: SHA256:9ge8ny8FRcLpeoAEldJbfLL9NWD/vb0i9FUVqg3Hpe4 root@ubuntu-xenial
[   47.244878] [cloud-init[0;32m  OK  [0m[920]: ] The key's randomart image is:Started Permit User Sessions.

[   47.245650] cloud-init[920]: +--[ED25519 256]--+
[   47.348645] [cloud-init[0;32m  OK  [0m[920]: ] |      .+.o ..o.o.|Started Authenticate and Authorize Users to Run Privileged Tasks.

[   47.349076] cloud-init[920]: |      . + + =+= .|
[   47.484722] [cloud-init[0;32m  OK  [0m[920]: ] |       o + B.*o .|Started Accounts Service.

[   47.545088] [cloud-init[0;32m  OK  [0m[920]: ] |        o.o X  oo|Started LSB: Set the CPU Frequency Scaling governor to "ondemand".

[   47.545906] [cloud-init[0;32m  OK  [0m[920]: ] |        S o+ = .=|Started LSB: VirtualBox Linux Additions.

[[0;32m  OK  [0m] Started LSB: automatic crash report generation.
[[0;32m  OK  [0m] Started LSB: daemon to balance interrupts for SMP systems.
[   47.668641] cloud-init[920]: |       . ..+o o.o|
         Stopping OpenBSD Secure Shell server...
[   47.824665] [cloud-init[0;32m  OK  [0m[920]: ] |          +.oE. o|Created slice User Slice of ubuntu.

[[0;32m  OK  [0m] Started Session 1 of user ubuntu.
[   47.977319] cloud-init[920]: |           +.+ ..|
[   48.065950]          cloud-initStarting User Manager for UID 1000...[920]: 
|            +oo..|
[   48.176862]          cloud-initStarting Hold until boot process finishes up...[920]: 
+----[SHA256]-----+
         Starting Terminate Plymouth Boot Screen...
[   48.248872] cloud-init[1072]: Generating locales (this might take a while)...
[   48.348899] cloud-init[1072]:   en_US.UTF-8... done
[   48.349184] cloud-init[1072]: Generation complete.
[[0;32m  OK  [0m] Started User Manager for UID 1000.
[[0;32m  OK  [0m] Stopped OpenBSD Secure Shell server.
[[0;32m  OK  [0m] Started Hold until boot process finishes up.
[[0;32m  OK  [0m] Started Terminate Plymouth Boot Screen.
         Starting Set console scheme...
[[0;32m  OK  [0m] Started Serial Getty on ttyS0.
[[0;32m  OK  [0m] Started Getty on tty1.
[[0;32m  OK  [0m] Reached target Login Prompts.
         Starting OpenBSD Secure Shell server...
[[0;32m  OK  [0m] Started OpenBSD Secure Shell server.
[[0;32m  OK  [0m] Started Set console scheme.
[[0;32m  OK  [0m] Reached target Multi-User System.
[[0;32m  OK  [0m] Reached target Graphical Interface.
         Starting Notify bootloader that boot was successful...
         Starting Update UTMP about System Runlevel Changes...
[[0;32m  OK  [0m] Started Notify bootloader that boot was successful.
[[0;32m  OK  [0m] Started Update UTMP about System Runlevel Changes.
[[0;32m  OK  [0m] Started Apply the settings specified in cloud-config.
[   49.188161] cloud-init[1072]: Cloud-init v. 0.7.8 running 'modules:config' at Sun, 27 Nov 2016 07:20:53 +0000. Up 45.43 seconds.
         Starting Execute cloud user/final scripts...
ci-info: no authorized ssh keys fingerprints found for user ubuntu.
<14>Nov 27 07:20:57 ec2: 
<14>Nov 27 07:20:57 ec2: #############################################################
<14>Nov 27 07:20:57 ec2: -----BEGIN SSH HOST KEY FINGERPRINTS-----
<14>Nov 27 07:20:57 ec2: 1024 SHA256:XU+4FhHloUUNuS+SY2RXws/PYgpctetYNVpLdKGFP0s root@ubuntu-xenial (DSA)
<14>Nov 27 07:20:57 ec2: 256 SHA256:VBc1DnctHHYNNocjH+KHxjcrWghrl50ZxfEetU90uSo root@ubuntu-xenial (ECDSA)
<14>Nov 27 07:20:57 ec2: 256 SHA256:9ge8ny8FRcLpeoAEldJbfLL9NWD/vb0i9FUVqg3Hpe4 root@ubuntu-xenial (ED25519)
<14>Nov 27 07:20:57 ec2: 2048 SHA256:zzmiNeB1IfcxQDKVj+MDRhNRQmSoynkT0eNMmLG417E root@ubuntu-xenial (RSA)
<14>Nov 27 07:20:57 ec2: -----END SSH HOST KEY FINGERPRINTS-----
<14>Nov 27 07:20:57 ec2: #############################################################
-----BEGIN SSH HOST KEY KEYS-----
ecdsa-sha2-nistp256 AAAAE2VjZHNhLXNoYTItbmlzdHAyNTYAAAAIbmlzdHAyNTYAAABBBID5oiWm2WOK+Q2jeEHF5sf0ZL1XKB7Xz1UqQ0EVGB+YNjLnO4jKNB77np8YasNQcPX4iS9I7rnMORrGAFZ9Vvg= root@ubuntu-xenial
ssh-ed25519 AAAAC3NzaC1lZDI1NTE5AAAAIFkR3qDD/1l/czpy8agdQ/08hxDSSSf9etJbunTFLjXT root@ubuntu-xenial
ssh-rsa AAAAB3NzaC1yc2EAAAADAQABAAABAQDZmMlFsA464QxwGhruWc6Gbg183R1R9Uzx6dMEtBEz4nFI11HNq3MuvXf2NhW+FJEgpxU57YPJZIJAbRSeoicc5J9OFBQMckDZpHEK+5TpZXMHVPd01fScvrhh/W0k8vTU5acfsiK1uNlq+wKRHzTYp01Tck0ZTkAKtfjyp84l3E4ibnP29/tMJWucTYKurJ3t5SyAX3EVtT3WjsKqApDfGsXCoZ/G+RHBx6bzUCuxSkzsWcSU2HUglaErTkJ2dGnc3fiMWjCCNKsAdcQhbslcSzQPWtWU0kbI6yvKSsggrdCt3W2MfJi38ANclqAzzJSBNLjw4YcZhldfZGe29Drv root@ubuntu-xenial
-----END SSH HOST KEY KEYS-----
[[0;32m  OK  [0m] Started Session 2 of user ubuntu.
[   50.505526] cloud-init[1340]: Cloud-init v. 0.7.8 running 'modules:final' at Sun, 27 Nov 2016 07:20:57 +0000. Up 49.57 seconds.
[   50.640265] cloud-init[1340]: ci-info: no authorized ssh keys fingerprints found for user ubuntu.
[   50.708840] cloud-init[1340]: Cloud-init v. 0.7.8 finished at Sun, 27 Nov 2016 07:20:58 +0000. Datasource DataSourceNoCloud [seed=/dev/sdb][dsmode=net].  Up 50.49 seconds
[[0;32m  OK  [0m] Started Execute cloud user/final scripts.
[[0;32m  OK  [0m] Reached target Cloud-init target.

Ubuntu 16.04.1 LTS objectiveStarter ttyS0

objectiveStarter login:          Stoa         Stopping D-Bus System Message Bus...
         Stopping LSB: VirtualBox Linux Additions...
         Stopping LSB: Set the CPU Frequency Scaling governor to "ondemand"...
         Stopping Accounts Service...
         Stopping LSB: Apache2 web server...
         Stopping LSB: automatic crash report generation...
         Stopping LSB: Record successful boot for GRUB...
         Stopping LSB: daemon to balance interrupts for SMP systems...
[[0;32m  OK  [0m] Unmounted /var/lib/lxcfs.
[[0;32m  OK  [0m] Stopped Deferred execution scheduler.
[[0;32m  OK  [0m] Stopped Snappy daemon.
[[0;32m  OK  [0m] Stopped ACPI event daemon.
[[0;32m  OK  [0m] Stopped System Logging Service.
[[0;32m  OK  [0m] Stopped Regular background program processing daemon.
[[0;32m  OK  [0m] Stopped Accounts Service.
[[0;32m  OK  [0m] Stopped Authenticate and Authorize Users to Run Privileged Tasks.
[[0;32m  OK  [0m] Stopped User Manager for UID 1000.
[[0;32m  OK  [0m] Stopped Serial Getty on ttyS0.
[[0;32m  OK  [0m] Stopped Getty on tty1.
[[0;32m  OK  [0m] Stopped OpenBSD Secure Shell server.
[[0;32m  OK  [0m] Started Unattended Upgrades Shutdown.
[[0;32m  OK  [0m] Stopped D-Bus System Message Bus.
[[0;32m  OK  [0m] Stopped Session 7 of user ubuntu.
[[0;32m  OK  [0m] Stopped FUSE filesystem for LXC.
[[0;32m  OK  [0m] Stopped LXD - container startup/shutdown.
[[0;32m  OK  [0m] Stopped LSB: MD monitoring daemon.
[[0;32m  OK  [0m] Stopped LSB: VirtualBox Linux Additions.
[[0;32m  OK  [0m] Stopped LSB: Set the CPU Frequency Scaling governor to "ondemand".
[[0;32m  OK  [0m] Stopped LSB: Record successful boot for GRUB.
[[0;32m  OK  [0m] Stopped LSB: automatic crash report generation.
[[0;32m  OK  [0m] Stopped Session 2 of user ubuntu.
[[0;32m  OK  [0m] Stopped LSB: daemon to balance interrupts for SMP systems.
[[0;32m  OK  [0m] Removed slice system-getty.slice.
[[0;32m  OK  [0m] Stopped /etc/rc.local Compatibility.
[[0;32m  OK  [0m] Removed slice system-serial\x2dgetty.slice.
[[0;32m  OK  [0m] Stopped Session 4 of user ubuntu.
[[0;32m  OK  [0m] Removed slice User Slice of ubuntu.
         Stopping Login Service...
         Stopping Permit User Sessions...
[[0;32m  OK  [0m] Stopped Login Service.
[[0;32m  OK  [0m] Stopped Permit User Sessions.
[[0;32m  OK  [0m] Stopped target User and Group Name Lookups.
[[0;32m  OK  [0m] Stopped LSB: Apache2 web server.
[[0;32m  OK  [0m] Stopped target Remote File Systems.
[[0;32m  OK  [0m] Stopped target Remote File Systems (Pre).
         Stopping Login to default iSCSI targets...
[[0;32m  OK  [0m] Stopped target Basic System.
[[0;32m  OK  [0m] Stopped target Slices.
[[0;32m  OK  [0m] Removed slice User and Session Slice.
[[0;32m  OK  [0m] Stopped target Paths.
[[0;32m  OK  [0m] Stopped Dispatch Password Requests to Console Directory Watch.
[[0;32m  OK  [0m] Stopped ACPI Events Check.
[[0;32m  OK  [0m] Stopped Forward Password Requests to Wall Directory Watch.
[[0;32m  OK  [0m] Stopped Trigger resolvconf update for networkd DNS.
[[0;32m  OK  [0m] Stopped target Sockets.
[[0;32m  OK  [0m] Closed UUID daemon activation socket.
[[0;32m  OK  [0m] Closed Socket activation for snappy daemon.
[[0;32m  OK  [0m] Closed Syslog Socket.
[[0;32m  OK  [0m] Closed ACPID Listen Socket.
[[0;32m  OK  [0m] Closed D-Bus System Message Bus Socket.
[[0;32m  OK  [0m] Closed LXD - unix socket.
[[0;32m  OK  [0m] Stopped target System Initialization.
[[0;32m  OK  [0m] Stopped Commit a transient machine-id on disk.
[[0;32m  OK  [0m] Stopped Create Volatile Files and Directories.
         Stopping Load/Save Random Seed...
[[0;32m  OK  [0m] Stopped target Encrypted Volumes.
[[0;32m  OK  [0m] Stopped target Swap.
[[0;32m  OK  [0m] Stopped Load/Save Random Seed.
[[0;32m  OK  [0m] Stopped Login to default iSCSI targets.
         Stopping iSCSI initiator daemon (iscsid)...
[[0;32m  OK  [0m] Stopped iSCSI initiator daemon (iscsid).
[[0;32m  OK  [0m] Stopped target Network is Online.
[[0;32m  OK  [0m] Stopped Initial cloud-init job (metadata service crawler).
[[0;32m  OK  [0m] Stopped target Network.
         Stopping Raise network interfaces...
[[0;32m  OK  [0m] Stopped Raise network interfaces.
[[0;32m  OK  [0m] Stopped target Network (Pre).
[[0;32m  OK  [0m] Stopped Initial cloud-init job (pre-networking).
[[0;32m  OK  [0m] Stopped target Local File Systems.
         Unmounting /run/user/1000...
         Unmounting /vagrant...
[[0;32m  OK  [0m] Stopped Apply Kernel Variables.
[[0;32m  OK  [0m] Stopped Load Kernel Modules.
[[0;32m  OK  [0m] Unmounted /run/user/1000.
[[0;32m  OK  [0m] Unmounted /vagrant.
[[0;32m  OK  [0m] Reached target Unmount All Filesystems.
[[0;32m  OK  [0m] Stopped target Local File Systems (Pre).
[[0;32m  OK  [0m] Stopped Create Static Device Nodes in /dev.
[[0;32m  OK  [0m] Stopped Remount Root and Kernel File Systems.
[[0;32m  OK  [0m] Reached target Shutdown.
[ 266.93] bo: owerow